{"/home/lorena/dev/rocketseat/ignite/23/node/03-api-solid/src/errors/user-already-exists-error.ts": {"path":"/home/lorena/dev/rocketseat/ignite/23/node/03-api-solid/src/errors/user-already-exists-error.ts","all":false,"statementMap":{"0":{"start":{"line":1,"column":0},"end":{"line":1,"column":51}},"1":{"start":{"line":2,"column":0},"end":{"line":2,"column":16}},"2":{"start":{"line":3,"column":0},"end":{"line":3,"column":33}},"3":{"start":{"line":4,"column":0},"end":{"line":4,"column":3}},"4":{"start":{"line":5,"column":0},"end":{"line":5,"column":1}}},"s":{"0":1,"1":1,"2":1,"3":1,"4":1},"branchMap":{"0":{"type":"branch","line":2,"loc":{"start":{"line":2,"column":2},"end":{"line":4,"column":3}},"locations":[{"start":{"line":2,"column":2},"end":{"line":4,"column":3}}]}},"b":{"0":[1]},"fnMap":{"0":{"name":"UserAlreadyExistsError","decl":{"start":{"line":2,"column":2},"end":{"line":4,"column":3}},"loc":{"start":{"line":2,"column":2},"end":{"line":4,"column":3}},"line":2}},"f":{"0":1}}
,"/home/lorena/dev/rocketseat/ignite/23/node/03-api-solid/src/repositories/in-memory/in-memory-users-repository.ts": {"path":"/home/lorena/dev/rocketseat/ignite/23/node/03-api-solid/src/repositories/in-memory/in-memory-users-repository.ts","all":false,"statementMap":{"0":{"start":{"line":1,"column":0},"end":{"line":1,"column":75}},"1":{"start":{"line":2,"column":0},"end":{"line":2,"column":0}},"2":{"start":{"line":3,"column":0},"end":{"line":3,"column":65}},"3":{"start":{"line":4,"column":0},"end":{"line":4,"column":28}},"4":{"start":{"line":5,"column":0},"end":{"line":5,"column":2}},"5":{"start":{"line":6,"column":0},"end":{"line":6,"column":52}},"6":{"start":{"line":7,"column":0},"end":{"line":7,"column":18}},"7":{"start":{"line":8,"column":0},"end":{"line":8,"column":22}},"8":{"start":{"line":9,"column":0},"end":{"line":9,"column":22}},"9":{"start":{"line":10,"column":0},"end":{"line":10,"column":24}},"10":{"start":{"line":11,"column":0},"end":{"line":11,"column":40}},"11":{"start":{"line":12,"column":0},"end":{"line":12,"column":29}},"12":{"start":{"line":13,"column":0},"end":{"line":13,"column":5}},"13":{"start":{"line":14,"column":0},"end":{"line":14,"column":0}},"14":{"start":{"line":15,"column":0},"end":{"line":15,"column":26}},"15":{"start":{"line":16,"column":0},"end":{"line":16,"column":0}},"16":{"start":{"line":17,"column":0},"end":{"line":17,"column":18}},"17":{"start":{"line":18,"column":0},"end":{"line":18,"column":3}},"18":{"start":{"line":19,"column":0},"end":{"line":19,"column":0}},"19":{"start":{"line":20,"column":0},"end":{"line":20,"column":58}},"20":{"start":{"line":21,"column":0},"end":{"line":21,"column":64}},"21":{"start":{"line":22,"column":0},"end":{"line":22,"column":0}},"22":{"start":{"line":23,"column":0},"end":{"line":23,"column":26}},"23":{"start":{"line":24,"column":0},"end":{"line":24,"column":0}},"24":{"start":{"line":25,"column":0},"end":{"line":25,"column":15}},"25":{"start":{"line":26,"column":0},"end":{"line":26,"column":3}},"26":{"start":{"line":27,"column":0},"end":{"line":27,"column":0}},"27":{"start":{"line":28,"column":0},"end":{"line":28,"column":1}}},"s":{"0":1,"1":1,"2":1,"3":3,"4":3,"5":3,"6":3,"7":3,"8":3,"9":3,"10":3,"11":3,"12":3,"13":3,"14":3,"15":3,"16":3,"17":3,"18":3,"19":3,"20":4,"21":4,"22":4,"23":1,"24":1,"25":4,"26":3,"27":3},"branchMap":{"0":{"type":"branch","line":3,"loc":{"start":{"line":3,"column":7},"end":{"line":28,"column":1}},"locations":[{"start":{"line":3,"column":7},"end":{"line":28,"column":1}}]},"1":{"type":"branch","line":6,"loc":{"start":{"line":6,"column":2},"end":{"line":18,"column":3}},"locations":[{"start":{"line":6,"column":2},"end":{"line":18,"column":3}}]},"2":{"type":"branch","line":20,"loc":{"start":{"line":20,"column":2},"end":{"line":26,"column":3}},"locations":[{"start":{"line":20,"column":2},"end":{"line":26,"column":3}}]},"3":{"type":"branch","line":23,"loc":{"start":{"line":23,"column":14},"end":{"line":23,"column":26}},"locations":[{"start":{"line":23,"column":14},"end":{"line":23,"column":26}}]},"4":{"type":"branch","line":23,"loc":{"start":{"line":23,"column":21},"end":{"line":25,"column":15}},"locations":[{"start":{"line":23,"column":21},"end":{"line":25,"column":15}}]},"5":{"type":"branch","line":21,"loc":{"start":{"line":21,"column":34},"end":{"line":21,"column":62}},"locations":[{"start":{"line":21,"column":34},"end":{"line":21,"column":62}}]}},"b":{"0":[3],"1":[3],"2":[4],"3":[3],"4":[1],"5":[1]},"fnMap":{"0":{"name":"<instance_members_initializer>","decl":{"start":{"line":3,"column":7},"end":{"line":28,"column":1}},"loc":{"start":{"line":3,"column":7},"end":{"line":28,"column":1}},"line":3},"1":{"name":"create","decl":{"start":{"line":6,"column":2},"end":{"line":18,"column":3}},"loc":{"start":{"line":6,"column":2},"end":{"line":18,"column":3}},"line":6},"2":{"name":"findByEmail","decl":{"start":{"line":20,"column":2},"end":{"line":26,"column":3}},"loc":{"start":{"line":20,"column":2},"end":{"line":26,"column":3}},"line":20}},"f":{"0":3,"1":3,"2":4}}
,"/home/lorena/dev/rocketseat/ignite/23/node/03-api-solid/src/use-cases/register.ts": {"path":"/home/lorena/dev/rocketseat/ignite/23/node/03-api-solid/src/use-cases/register.ts","all":false,"statementMap":{"0":{"start":{"line":1,"column":0},"end":{"line":1,"column":75}},"1":{"start":{"line":2,"column":0},"end":{"line":2,"column":71}},"2":{"start":{"line":3,"column":0},"end":{"line":3,"column":31}},"3":{"start":{"line":4,"column":0},"end":{"line":4,"column":0}},"4":{"start":{"line":5,"column":0},"end":{"line":5,"column":34}},"5":{"start":{"line":6,"column":0},"end":{"line":6,"column":14}},"6":{"start":{"line":7,"column":0},"end":{"line":7,"column":15}},"7":{"start":{"line":8,"column":0},"end":{"line":8,"column":18}},"8":{"start":{"line":9,"column":0},"end":{"line":9,"column":1}},"9":{"start":{"line":10,"column":0},"end":{"line":10,"column":0}},"10":{"start":{"line":11,"column":0},"end":{"line":11,"column":35}},"11":{"start":{"line":12,"column":0},"end":{"line":12,"column":12}},"12":{"start":{"line":13,"column":0},"end":{"line":13,"column":1}},"13":{"start":{"line":14,"column":0},"end":{"line":14,"column":0}},"14":{"start":{"line":15,"column":0},"end":{"line":15,"column":30}},"15":{"start":{"line":16,"column":0},"end":{"line":16,"column":14}},"16":{"start":{"line":17,"column":0},"end":{"line":17,"column":44}},"17":{"start":{"line":18,"column":0},"end":{"line":18,"column":6}},"18":{"start":{"line":19,"column":0},"end":{"line":19,"column":0}},"19":{"start":{"line":20,"column":0},"end":{"line":20,"column":102}},"20":{"start":{"line":21,"column":0},"end":{"line":21,"column":4}},"21":{"start":{"line":22,"column":0},"end":{"line":22,"column":49}},"22":{"start":{"line":23,"column":0},"end":{"line":23,"column":4}},"23":{"start":{"line":24,"column":0},"end":{"line":24,"column":69}},"24":{"start":{"line":25,"column":0},"end":{"line":25,"column":4}},"25":{"start":{"line":26,"column":0},"end":{"line":26,"column":21}},"26":{"start":{"line":27,"column":0},"end":{"line":27,"column":40}},"27":{"start":{"line":28,"column":0},"end":{"line":28,"column":5}},"28":{"start":{"line":29,"column":0},"end":{"line":29,"column":4}},"29":{"start":{"line":30,"column":0},"end":{"line":30,"column":80}},"30":{"start":{"line":31,"column":0},"end":{"line":31,"column":0}},"31":{"start":{"line":32,"column":0},"end":{"line":32,"column":12}},"32":{"start":{"line":33,"column":0},"end":{"line":33,"column":10}},"33":{"start":{"line":34,"column":0},"end":{"line":34,"column":5}},"34":{"start":{"line":35,"column":0},"end":{"line":35,"column":3}},"35":{"start":{"line":36,"column":0},"end":{"line":36,"column":1}}},"s":{"0":1,"1":1,"2":1,"3":1,"4":1,"5":1,"6":1,"7":1,"8":1,"9":1,"10":1,"11":1,"12":1,"13":1,"14":1,"15":1,"16":3,"17":3,"18":1,"19":1,"20":4,"21":4,"22":4,"23":4,"24":4,"25":4,"26":1,"27":1,"28":3,"29":3,"30":3,"31":3,"32":3,"33":3,"34":4,"35":1},"branchMap":{"0":{"type":"branch","line":16,"loc":{"start":{"line":16,"column":2},"end":{"line":18,"column":6}},"locations":[{"start":{"line":16,"column":2},"end":{"line":18,"column":6}}]},"1":{"type":"branch","line":20,"loc":{"start":{"line":20,"column":2},"end":{"line":35,"column":3}},"locations":[{"start":{"line":20,"column":2},"end":{"line":35,"column":3}}]},"2":{"type":"branch","line":26,"loc":{"start":{"line":26,"column":20},"end":{"line":28,"column":5}},"locations":[{"start":{"line":26,"column":20},"end":{"line":28,"column":5}}]},"3":{"type":"branch","line":28,"loc":{"start":{"line":28,"column":4},"end":{"line":34,"column":5}},"locations":[{"start":{"line":28,"column":4},"end":{"line":34,"column":5}}]}},"b":{"0":[3],"1":[4],"2":[1],"3":[3]},"fnMap":{"0":{"name":"RegisterUseCase","decl":{"start":{"line":16,"column":2},"end":{"line":18,"column":6}},"loc":{"start":{"line":16,"column":2},"end":{"line":18,"column":6}},"line":16},"1":{"name":"execute","decl":{"start":{"line":20,"column":2},"end":{"line":35,"column":3}},"loc":{"start":{"line":20,"column":2},"end":{"line":35,"column":3}},"line":20}},"f":{"0":3,"1":4}}
}
